[2022-02-01 00:27:13.367] [exthost] [info] Extension host with pid 33169 started
[2022-02-01 00:27:13.447] [exthost] [info] ExtensionService#_doActivateExtension vscode.microsoft-authentication, startup: false, activationEvent: 'onAuthenticationRequest:microsoft'
[2022-02-01 00:27:13.453] [exthost] [info] ExtensionService#_doActivateExtension vscode.css-language-features, startup: false, activationEvent: 'onLanguage:css'
[2022-02-01 00:27:13.459] [exthost] [info] ExtensionService#_doActivateExtension vscode.debug-auto-launch, startup: true, activationEvent: '*'
[2022-02-01 00:27:13.460] [exthost] [info] ExtensionService#_doActivateExtension vscode.git-base, startup: true, activationEvent: '*', root cause: vscode.github
[2022-02-01 00:27:13.462] [exthost] [info] ExtensionService#_doActivateExtension HookyQR.beautify, startup: true, activationEvent: '*'
[2022-02-01 00:27:13.475] [exthost] [info] ExtensionService#_doActivateExtension vscodevim.vim, startup: true, activationEvent: '*'
[2022-02-01 00:27:13.597] [exthost] [info] ExtensionService#_doActivateExtension vscode.git, startup: true, activationEvent: '*'
[2022-02-01 00:27:13.607] [exthost] [info] ExtensionService#_doActivateExtension vscode.github, startup: true, activationEvent: '*'
[2022-02-01 00:27:13.660] [exthost] [info] Eager extensions activated
[2022-02-01 00:27:13.708] [exthost] [warning] [Decorations] CAPPING events from decorations provider vscode.git 548
[2022-02-01 00:27:13.780] [exthost] [info] ExtensionService#_doActivateExtension vscode.emmet, startup: false, activationEvent: 'onStartupFinished'
[2022-02-01 00:27:13.785] [exthost] [info] ExtensionService#_doActivateExtension vscode.merge-conflict, startup: false, activationEvent: 'onStartupFinished'
[2022-02-01 00:27:13.787] [exthost] [info] ExtensionService#_doActivateExtension PKief.material-icon-theme, startup: false, activationEvent: 'onStartupFinished'
[2022-02-01 00:27:13.796] [exthost] [info] ExtensionService#_doActivateExtension vscode.github-authentication, startup: false, activationEvent: 'onAuthenticationRequest:github'
[2022-02-01 00:27:25.869] [exthost] [warning] [Decorations] CAPPING events from decorations provider vscode.git 549
[2022-02-01 00:27:30.906] [exthost] [warning] [Decorations] CAPPING events from decorations provider vscode.git 549
[2022-02-01 00:27:35.980] [exthost] [warning] [Decorations] CAPPING events from decorations provider vscode.git 549
[2022-02-01 00:27:42.504] [exthost] [warning] [Decorations] CAPPING events from decorations provider vscode.git 549
[2022-02-01 00:27:47.542] [exthost] [warning] [Decorations] CAPPING events from decorations provider vscode.git 549
[2022-02-01 00:27:52.573] [exthost] [warning] [Decorations] CAPPING events from decorations provider vscode.git 549
[2022-02-01 00:28:00.976] [exthost] [warning] TextEditor is closed/disposed
[2022-02-01 00:28:00.976] [exthost] [warning] TextEditor is closed/disposed
[2022-02-01 00:28:01.162] [exthost] [warning] ExtHostTextEditorOptions 'setCursorStyle' failed:'
[2022-02-01 00:28:01.162] [exthost] [warning] {"name":"DISPOSED","message":"TextEditor(vs.editor.ICodeEditor:1,$model1) has been disposed"}
[2022-02-01 00:28:01.816] [exthost] [info] extension host terminating: renderer closed the socket
[2022-02-01 00:28:02.096] [exthost] [error] TypeError: r.some is not a function
    at Function.saveToDisk (/home/haadi/.vscode/extensions/vscodevim.vim-1.21.10/src/register/register.ts:350:30)
    at Object.e.deactivate (/home/haadi/.vscode/extensions/vscodevim.vim-1.21.10/extension.ts:37:18)
    at v._deactivate (/opt/visual-studio-code/resources/app/out/vs/workbench/services/extensions/node/extensionHostProcess.js:100:11513)
    at /opt/visual-studio-code/resources/app/out/vs/workbench/services/extensions/node/extensionHostProcess.js:100:10061
    at Array.map (<anonymous>)
    at v.deactivateAll (/opt/visual-studio-code/resources/app/out/vs/workbench/services/extensions/node/extensionHostProcess.js:100:10049)
    at p.terminate (/opt/visual-studio-code/resources/app/out/vs/workbench/services/extensions/node/extensionHostProcess.js:104:735)
    at r (/opt/visual-studio-code/resources/app/out/vs/workbench/services/extensions/node/extensionHostProcess.js:114:36400)
    at Socket.<anonymous> (/opt/visual-studio-code/resources/app/out/vs/workbench/services/extensions/node/extensionHostProcess.js:114:34012)
    at Socket.emit (events.js:327:22)
    at Pipe.<anonymous> (net.js:673:12)
[2022-02-01 00:28:02.096] [exthost] [info] Extension host with pid 33169 exiting with code 0
